=============================================================================
G=    714 P1=49639993268989                                         OK BPSW*1
G=   1296 P1=8822016561303449927                                    OK BPSW*1
G=   1998 P1=2^175 + 98306781845                                    OK BPSW*1
G=   8998 P1=30572004763112233476403682246768070122446705..(246D).. OK BPSW*1
G=   2024 P1=4840766810958801623463585118756371445427               OK BPSW*1
G=   2110 P1=3029113767179606590316585310535590441583681            OK BPSW*1
G=   1296 P1=8822016561303449929  ERROR: P1 composite (271|P1) Gtrue=0
G=   1294 P1=8822016561303449927  ERROR: P2 composite (3|P2) Gtrue=1296
G=   1298 P1=8822016561303449927  ERROR: Intermediate prime at P1 + 1296
G=   9226 P1=79*(593#)/6 - 5982                                     OK BPSW*1
G=    714 P1=49639993268989                                         OK BPSW*1
G=   1296 P1=8822016561303449927                                    OK BPSW*1
G=   6664 P1=2^551 + 3544369001                                     OK BPSW*1
G=   1296 P1=8822016561303449929  ERROR: P1 composite (271|P1) Gtrue=0
G=   1294 P1=8822016561303449927  ERROR: P2 composite (3|P2) Gtrue=1296
G=   1298 P1=8822016561303449927  ERROR: Intermediate prime at P1 + 1296
G=  20094 P1=257*(1511#..(635D).. ERROR: Intermediate prime at P1 + 7050
=============================================================================
 Errors=7.  OK=10.  T=3.875 seconds.
 Input=sample.dat.  CL==>cglp4 sample.dat<==.
=============================================================================
